Sat Jun 25 20:03:03 2022       
+-----------------------------------------------------------------------------+
| NVIDIA-SMI 460.32.03    Driver Version: 460.32.03    CUDA Version: 11.2     |
|-------------------------------+----------------------+----------------------+
| GPU  Name        Persistence-M| Bus-Id        Disp.A | Volatile Uncorr. ECC |
| Fan  Temp  Perf  Pwr:Usage/Cap|         Memory-Usage | GPU-Util  Compute M. |
|                               |                      |               MIG M. |
|===============================+======================+======================|
|   0  Tesla V100-SXM2...  Off  | 00000000:62:00.0 Off |                    0 |
| N/A   32C    P0    42W / 300W |      0MiB / 32510MiB |      0%   E. Process |
|                               |                      |                  N/A |
+-------------------------------+----------------------+----------------------+
                                                                               
+-----------------------------------------------------------------------------+
| Processes:                                                                  |
|  GPU   GI   CI        PID   Type   Process name                  GPU Memory |
|        ID   ID                                                   Usage      |
|=============================================================================|
|  No running processes found                                                 |
+-----------------------------------------------------------------------------+

------------------------------------------------------------
Sender: LSF System <lsfadmin@r1cmpsrvs79-14ig0502>
Subject: Job 149470: <sh test_env.sh> in cluster <sisdc01> Done

Job <sh test_env.sh> was submitted from host <vm-10-239-71-154> by user <hy-suda> in cluster <sisdc01> at Sat Jun 25 17:51:44 2022
Job was executed on host(s) <r1cmpsrvs79-14ig0502>, in queue <HPC.S1.GPU.X795.suda>, as user <hy-suda> in cluster <sisdc01> at Sat Jun 25 20:03:02 2022
</SISDC_GPFS/Home_SE/hy-suda> was used as the home directory.
</SISDC_GPFS/Home_SE/hy-suda/zfli/CODE/QuestionGeneration/Shell> was used as the working directory.
Started at Sat Jun 25 20:03:02 2022
Terminated at Sat Jun 25 20:03:04 2022
Results reported at Sat Jun 25 20:03:04 2022

Your job looked like:

------------------------------------------------------------
# LSBATCH: User input
sh test_env.sh
------------------------------------------------------------

Successfully completed.

Resource usage summary:

    CPU time :                                   0.27 sec.
    Max Memory :                                 5 MB
    Average Memory :                             5.00 MB
    Total Requested Memory :                     -
    Delta Memory :                               -
    Max Swap :                                   -
    Max Processes :                              6
    Max Threads :                                7
    Run time :                                   2 sec.
    Turnaround time :                            7880 sec.

The output (if any) is above this job summary.

